\BOOKMARK [0][]{section*.5}{ Notation}{}% 1
\BOOKMARK [0][]{chapter.1}{1 Introduction}{}% 2
\BOOKMARK [1][]{section.1.1}{1.1 Research problem}{chapter.1}% 3
\BOOKMARK [1][]{section.1.2}{1.2 Relevance of the work}{chapter.1}% 4
\BOOKMARK [1][]{section.1.3}{1.3 Object of research}{chapter.1}% 5
\BOOKMARK [1][]{section.1.4}{1.4 Study objective}{chapter.1}% 6
\BOOKMARK [1][]{section.1.5}{1.5 Work tasks}{chapter.1}% 7
\BOOKMARK [1][]{section.1.6}{1.6 Research methodology}{chapter.1}% 8
\BOOKMARK [1][]{section.1.7}{1.7 Scientific novelty of the work and its significance}{chapter.1}% 9
\BOOKMARK [1][]{section.1.8}{1.8 Practical significance of the work results}{chapter.1}% 10
\BOOKMARK [1][]{section.1.9}{1.9 Defensive statements}{chapter.1}% 11
\BOOKMARK [0][]{chapter.2}{2 Application of remote sensing systems for assessment and prediction of different environmental risks}{}% 12
\BOOKMARK [1][]{section.2.1}{2.1 Application of remote sensing data to the environment}{chapter.2}% 13
\BOOKMARK [1][]{section.2.2}{2.2 ESO \(European Space Agency\) is developing a Sentinel satellite system under the Copernicus program}{chapter.2}% 14
\BOOKMARK [1][]{section.2.3}{2.3 Sentinel passive and active remote sensing systems}{chapter.2}% 15
\BOOKMARK [0][]{appendix.A}{A Algorithms}{}% 16
\BOOKMARK [0][]{appendix.B}{B Derivations and Computation Details}{}% 17
\BOOKMARK [1][]{section.B.1}{B.1 Change Detection Using Hotelling T-test}{appendix.B}% 18
\BOOKMARK [0][]{section*.7}{ Bibliography}{}% 19
\BOOKMARK [0][]{appendix*.8}{ Publications by the Author}{}% 20
\BOOKMARK [0][]{Item.4}{ Curriculum Vitae}{}% 21
\BOOKMARK [0][]{appendix*.12}{ Vocabulary - \231odynelis}{}% 22
\BOOKMARK [0][]{appendix*.13}{ Summary in Lithuanian \(Santrauka\)}{}% 23
\BOOKMARK [0][]{section*.15}{ Index}{}% 24
